<?xml version="1.0" encoding="UTF-8"?>
<testng-results skipped="2" failed="0" total="4" passed="2">
  <reporter-output>
  </reporter-output>
  <suite name="Sample Test Suite" duration-ms="81935" started-at="2015-03-22T11:25:04Z" finished-at="2015-03-22T11:26:26Z">
    <groups>
    </groups>
    <test name="Sample Test" duration-ms="81935" started-at="2015-03-22T11:25:04Z" finished-at="2015-03-22T11:26:26Z">
      <class name="com.pack.one.TestA">
        <test-method status="FAIL" signature="setUp()[pri:0, instance:com.pack.one.TestA@11def881]" name="setUp" is-config="true" duration-ms="0" started-at="2015-03-22T16:55:04Z" finished-at="2015-03-22T16:55:04Z">
          <exception class="org.openqa.selenium.WebDriverException">
            <message>
              <![CDATA[Failed to connect to binary FirefoxBinary(C:\Program Files (x86)\Mozilla Firefox\firefox.exe) on port 7055; process output follows: 
:web2pdfextension@web2pdf.adobedotcom visible
1427023533265	DeferredSave.extensions.json	DEBUG	Save changes
1427023533265	DeferredSave.extensions.json	DEBUG	Save changes
1427023533265	addons.xpi	DEBUG	New add-on wrc@avast.com installed in winreg-app-global
1427023533429	addons.xpi-utils	DEBUG	Make addon winreg-app-global:wrc@avast.com visible
1427023533429	DeferredSave.extensions.json	DEBUG	Save changes
1427023533429	DeferredSave.extensions.json	DEBUG	Save changes
1427023533609	addons.xpi	DEBUG	Updating database with changes to installed add-ons
1427023533609	addons.xpi-utils	DEBUG	Updating add-on states
1427023533611	addons.xpi-utils	DEBUG	Writing add-ons list
1427023533627	addons.manager	DEBUG	Registering shutdown blocker for XPIProvider
1427023533628	addons.manager	DEBUG	Registering shutdown blocker for LightweightThemeManager
1427023533629	addons.manager	DEBUG	Registering shutdown blocker for OpenH264Provider
1427023533630	addons.manager	DEBUG	Registering shutdown blocker for PluginProvider
1427023537667	DeferredSave.extensions.json	DEBUG	Starting timer
1427023538189	DeferredSave.extensions.json	DEBUG	Starting write
1427023539342	addons.manager	DEBUG	shutdown
1427023539342	addons.manager	DEBUG	Calling shutdown blocker for XPIProvider
1427023539343	addons.xpi	DEBUG	shutdown
1427023539343	addons.xpi-utils	DEBUG	shutdown
1427023539343	addons.manager	DEBUG	Calling shutdown blocker for LightweightThemeManager
1427023539344	addons.manager	DEBUG	Calling shutdown blocker for OpenH264Provider
1427023539345	addons.manager	DEBUG	Calling shutdown blocker for PluginProvider
1427023539663	DeferredSave.extensions.json	DEBUG	Write succeeded
1427023539664	addons.xpi-utils	DEBUG	XPI Database saved, setting schema version preference to 16
1427023539664	addons.xpi	DEBUG	Notifying XPI shutdown observers
1427023539669	addons.manager	DEBUG	Async provider shutdown done
System JS : ERROR (null):0 - uncaught exception: 2147500037
1427023542003	addons.manager	DEBUG	Loaded provider scope for resource://gre/modules/addons/XPIProvider.jsm: ["XPIProvider"]
1427023542006	addons.manager	DEBUG	Loaded provider scope for resource://gre/modules/LightweightThemeManager.jsm: ["LightweightThemeManager"]
1427023542010	addons.xpi	DEBUG	startup
1427023542011	addons.xpi	INFO	Mapping web2pdfextension@web2pdf.adobedotcom to C:\Program Files (x86)\Adobe\Acrobat 11.0\Acrobat\Browser\WCFirefoxExtn
1427023542011	addons.xpi	WARN	Ignoring missing add-on in C:\Program Files (x86)\TrustMediaViewerV1\TrustMediaViewerV1alpha5400\ff
1427023542012	addons.xpi	INFO	Mapping wrc@avast.com to C:\Program Files\AVAST Software\Avast\WebRep\FF
1427023542012	addons.xpi	DEBUG	Skipping unavailable install location app-system-local
1427023542013	addons.xpi	DEBUG	Skipping unavailable install location app-system-share
1427023542014	addons.xpi	INFO	Mapping {972ce4c6-7e08-4474-a285-3208198ce6fd} to C:\Program Files (x86)\Mozilla Firefox\browser\extensions\{972ce4c6-7e08-4474-a285-3208198ce6fd}
1427023542015	addons.xpi	INFO	Mapping wcapturex@deskperience.com to C:\Program Files (x86)\WordWeb\WCaptureMoz
1427023542064	addons.xpi	INFO	Mapping fxdriver@googlecode.com to C:\Users\TukTuk\AppData\Local\Temp\anonymous971046766770239778webdriver-profile\extensions\fxdriver@googlecode.com
1427023542065	addons.xpi	DEBUG	Ignoring file entry whose name is not a valid add-on ID: C:\Users\TukTuk\AppData\Local\Temp\anonymous971046766770239778webdriver-profile\extensions\webdriver-staging
1427023542065	addons.xpi	DEBUG	checkForChanges
1427023542304	addons.xpi	DEBUG	No changes found
1427023542309	addons.manager	DEBUG	Registering shutdown blocker for XPIProvider
1427023542310	addons.manager	DEBUG	Registering shutdown blocker for LightweightThemeManager
1427023542311	addons.manager	DEBUG	Registering shutdown blocker for OpenH264Provider
1427023542312	addons.manager	DEBUG	Registering shutdown blocker for PluginProvider
*** Blocklist::_preloadBlocklistFile: blocklist is disabled
1427023551551	addons.manager	DEBUG	Registering shutdown blocker for <unnamed-provider>

Build info: version: '2.40.0', revision: 'fbe29a9', time: '2014-02-19 20:54:28'
System info: host: 'Lenovo-PC', ip: '219.91.156.93', os.name: 'Windows 8', os.arch: 'amd64', os.version: '6.2', java.version: '1.7.0_07'
Driver info: driver.version: FirefoxDriver]]>
            </message>
            <full-stacktrace>
              <![CDATA[org.openqa.selenium.WebDriverException: Failed to connect to binary FirefoxBinary(C:\Program Files (x86)\Mozilla Firefox\firefox.exe) on port 7055; process output follows: 
:web2pdfextension@web2pdf.adobedotcom visible
1427023533265	DeferredSave.extensions.json	DEBUG	Save changes
1427023533265	DeferredSave.extensions.json	DEBUG	Save changes
1427023533265	addons.xpi	DEBUG	New add-on wrc@avast.com installed in winreg-app-global
1427023533429	addons.xpi-utils	DEBUG	Make addon winreg-app-global:wrc@avast.com visible
1427023533429	DeferredSave.extensions.json	DEBUG	Save changes
1427023533429	DeferredSave.extensions.json	DEBUG	Save changes
1427023533609	addons.xpi	DEBUG	Updating database with changes to installed add-ons
1427023533609	addons.xpi-utils	DEBUG	Updating add-on states
1427023533611	addons.xpi-utils	DEBUG	Writing add-ons list
1427023533627	addons.manager	DEBUG	Registering shutdown blocker for XPIProvider
1427023533628	addons.manager	DEBUG	Registering shutdown blocker for LightweightThemeManager
1427023533629	addons.manager	DEBUG	Registering shutdown blocker for OpenH264Provider
1427023533630	addons.manager	DEBUG	Registering shutdown blocker for PluginProvider
1427023537667	DeferredSave.extensions.json	DEBUG	Starting timer
1427023538189	DeferredSave.extensions.json	DEBUG	Starting write
1427023539342	addons.manager	DEBUG	shutdown
1427023539342	addons.manager	DEBUG	Calling shutdown blocker for XPIProvider
1427023539343	addons.xpi	DEBUG	shutdown
1427023539343	addons.xpi-utils	DEBUG	shutdown
1427023539343	addons.manager	DEBUG	Calling shutdown blocker for LightweightThemeManager
1427023539344	addons.manager	DEBUG	Calling shutdown blocker for OpenH264Provider
1427023539345	addons.manager	DEBUG	Calling shutdown blocker for PluginProvider
1427023539663	DeferredSave.extensions.json	DEBUG	Write succeeded
1427023539664	addons.xpi-utils	DEBUG	XPI Database saved, setting schema version preference to 16
1427023539664	addons.xpi	DEBUG	Notifying XPI shutdown observers
1427023539669	addons.manager	DEBUG	Async provider shutdown done
System JS : ERROR (null):0 - uncaught exception: 2147500037
1427023542003	addons.manager	DEBUG	Loaded provider scope for resource://gre/modules/addons/XPIProvider.jsm: ["XPIProvider"]
1427023542006	addons.manager	DEBUG	Loaded provider scope for resource://gre/modules/LightweightThemeManager.jsm: ["LightweightThemeManager"]
1427023542010	addons.xpi	DEBUG	startup
1427023542011	addons.xpi	INFO	Mapping web2pdfextension@web2pdf.adobedotcom to C:\Program Files (x86)\Adobe\Acrobat 11.0\Acrobat\Browser\WCFirefoxExtn
1427023542011	addons.xpi	WARN	Ignoring missing add-on in C:\Program Files (x86)\TrustMediaViewerV1\TrustMediaViewerV1alpha5400\ff
1427023542012	addons.xpi	INFO	Mapping wrc@avast.com to C:\Program Files\AVAST Software\Avast\WebRep\FF
1427023542012	addons.xpi	DEBUG	Skipping unavailable install location app-system-local
1427023542013	addons.xpi	DEBUG	Skipping unavailable install location app-system-share
1427023542014	addons.xpi	INFO	Mapping {972ce4c6-7e08-4474-a285-3208198ce6fd} to C:\Program Files (x86)\Mozilla Firefox\browser\extensions\{972ce4c6-7e08-4474-a285-3208198ce6fd}
1427023542015	addons.xpi	INFO	Mapping wcapturex@deskperience.com to C:\Program Files (x86)\WordWeb\WCaptureMoz
1427023542064	addons.xpi	INFO	Mapping fxdriver@googlecode.com to C:\Users\TukTuk\AppData\Local\Temp\anonymous971046766770239778webdriver-profile\extensions\fxdriver@googlecode.com
1427023542065	addons.xpi	DEBUG	Ignoring file entry whose name is not a valid add-on ID: C:\Users\TukTuk\AppData\Local\Temp\anonymous971046766770239778webdriver-profile\extensions\webdriver-staging
1427023542065	addons.xpi	DEBUG	checkForChanges
1427023542304	addons.xpi	DEBUG	No changes found
1427023542309	addons.manager	DEBUG	Registering shutdown blocker for XPIProvider
1427023542310	addons.manager	DEBUG	Registering shutdown blocker for LightweightThemeManager
1427023542311	addons.manager	DEBUG	Registering shutdown blocker for OpenH264Provider
1427023542312	addons.manager	DEBUG	Registering shutdown blocker for PluginProvider
*** Blocklist::_preloadBlocklistFile: blocklist is disabled
1427023551551	addons.manager	DEBUG	Registering shutdown blocker for <unnamed-provider>

Build info: version: '2.40.0', revision: 'fbe29a9', time: '2014-02-19 20:54:28'
System info: host: 'Lenovo-PC', ip: '219.91.156.93', os.name: 'Windows 8', os.arch: 'amd64', os.version: '6.2', java.version: '1.7.0_07'
Driver info: driver.version: FirefoxDriver
	at org.openqa.selenium.firefox.internal.NewProfileExtensionConnection.start(NewProfileExtensionConnection.java:130)
	at org.openqa.selenium.firefox.FirefoxDriver.startClient(FirefoxDriver.java:247)
	at org.openqa.selenium.remote.RemoteWebDriver.<init>(RemoteWebDriver.java:112)
	at org.openqa.selenium.firefox.FirefoxDriver.<init>(FirefoxDriver.java:194)
	at org.openqa.selenium.firefox.FirefoxDriver.<init>(FirefoxDriver.java:187)
	at org.openqa.selenium.firefox.FirefoxDriver.<init>(FirefoxDriver.java:183)
	at org.openqa.selenium.firefox.FirefoxDriver.<init>(FirefoxDriver.java:96)
	at com.pack.one.TestA.setUp(Unknown Source)
	at sun.reflect.NativeMethodAccessorImpl.invoke0(Native Method)
	at sun.reflect.NativeMethodAccessorImpl.invoke(Unknown Source)
	at sun.reflect.DelegatingMethodAccessorImpl.invoke(Unknown Source)
	at java.lang.reflect.Method.invoke(Unknown Source)
	at org.testng.internal.MethodInvocationHelper.invokeMethod(MethodInvocationHelper.java:84)
	at org.testng.internal.Invoker.invokeConfigurationMethod(Invoker.java:564)
	at org.testng.internal.Invoker.invokeConfigurations(Invoker.java:213)
	at org.testng.internal.Invoker.invokeConfigurations(Invoker.java:138)
	at org.testng.internal.TestMethodWorker.invokeBeforeClassMethods(TestMethodWorker.java:175)
	at org.testng.internal.TestMethodWorker.run(TestMethodWorker.java:107)
	at org.testng.TestRunner.privateRun(TestRunner.java:767)
	at org.testng.TestRunner.run(TestRunner.java:617)
	at org.testng.SuiteRunner.runTest(SuiteRunner.java:334)
	at org.testng.SuiteRunner.runSequentially(SuiteRunner.java:329)
	at org.testng.SuiteRunner.privateRun(SuiteRunner.java:291)
	at org.testng.SuiteRunner.run(SuiteRunner.java:240)
	at org.testng.SuiteRunnerWorker.runSuite(SuiteRunnerWorker.java:52)
	at org.testng.SuiteRunnerWorker.run(SuiteRunnerWorker.java:86)
	at org.testng.TestNG.runSuitesSequentially(TestNG.java:1224)
	at org.testng.TestNG.runSuitesLocally(TestNG.java:1149)
	at org.testng.TestNG.run(TestNG.java:1057)
	at org.testng.TestNG.privateMain(TestNG.java:1364)
	at org.testng.TestNG.main(TestNG.java:1333)
Caused by: org.openqa.selenium.firefox.NotConnectedException: Unable to connect to host 127.0.0.1 on port 7055 after 45000 ms. Firefox console output:
:web2pdfextension@web2pdf.adobedotcom visible
1427023533265	DeferredSave.extensions.json	DEBUG	Save changes
1427023533265	DeferredSave.extensions.json	DEBUG	Save changes
1427023533265	addons.xpi	DEBUG	New add-on wrc@avast.com installed in winreg-app-global
1427023533429	addons.xpi-utils	DEBUG	Make addon winreg-app-global:wrc@avast.com visible
1427023533429	DeferredSave.extensions.json	DEBUG	Save changes
1427023533429	DeferredSave.extensions.json	DEBUG	Save changes
1427023533609	addons.xpi	DEBUG	Updating database with changes to installed add-ons
1427023533609	addons.xpi-utils	DEBUG	Updating add-on states
1427023533611	addons.xpi-utils	DEBUG	Writing add-ons list
1427023533627	addons.manager	DEBUG	Registering shutdown blocker for XPIProvider
1427023533628	addons.manager	DEBUG	Registering shutdown blocker for LightweightThemeManager
1427023533629	addons.manager	DEBUG	Registering shutdown blocker for OpenH264Provider
1427023533630	addons.manager	DEBUG	Registering shutdown blocker for PluginProvider
1427023537667	DeferredSave.extensions.json	DEBUG	Starting timer
1427023538189	DeferredSave.extensions.json	DEBUG	Starting write
1427023539342	addons.manager	DEBUG	shutdown
1427023539342	addons.manager	DEBUG	Calling shutdown blocker for XPIProvider
1427023539343	addons.xpi	DEBUG	shutdown
1427023539343	addons.xpi-utils	DEBUG	shutdown
1427023539343	addons.manager	DEBUG	Calling shutdown blocker for LightweightThemeManager
1427023539344	addons.manager	DEBUG	Calling shutdown blocker for OpenH264Provider
1427023539345	addons.manager	DEBUG	Calling shutdown blocker for PluginProvider
1427023539663	DeferredSave.extensions.json	DEBUG	Write succeeded
1427023539664	addons.xpi-utils	DEBUG	XPI Database saved, setting schema version preference to 16
1427023539664	addons.xpi	DEBUG	Notifying XPI shutdown observers
1427023539669	addons.manager	DEBUG	Async provider shutdown done
System JS : ERROR (null):0 - uncaught exception: 2147500037
1427023542003	addons.manager	DEBUG	Loaded provider scope for resource://gre/modules/addons/XPIProvider.jsm: ["XPIProvider"]
1427023542006	addons.manager	DEBUG	Loaded provider scope for resource://gre/modules/LightweightThemeManager.jsm: ["LightweightThemeManager"]
1427023542010	addons.xpi	DEBUG	startup
1427023542011	addons.xpi	INFO	Mapping web2pdfextension@web2pdf.adobedotcom to C:\Program Files (x86)\Adobe\Acrobat 11.0\Acrobat\Browser\WCFirefoxExtn
1427023542011	addons.xpi	WARN	Ignoring missing add-on in C:\Program Files (x86)\TrustMediaViewerV1\TrustMediaViewerV1alpha5400\ff
1427023542012	addons.xpi	INFO	Mapping wrc@avast.com to C:\Program Files\AVAST Software\Avast\WebRep\FF
1427023542012	addons.xpi	DEBUG	Skipping unavailable install location app-system-local
1427023542013	addons.xpi	DEBUG	Skipping unavailable install location app-system-share
1427023542014	addons.xpi	INFO	Mapping {972ce4c6-7e08-4474-a285-3208198ce6fd} to C:\Program Files (x86)\Mozilla Firefox\browser\extensions\{972ce4c6-7e08-4474-a285-3208198ce6fd}
1427023542015	addons.xpi	INFO	Mapping wcapturex@deskperience.com to C:\Program Files (x86)\WordWeb\WCaptureMoz
1427023542064	addons.xpi	INFO	Mapping fxdriver@googlecode.com to C:\Users\TukTuk\AppData\Local\Temp\anonymous971046766770239778webdriver-profile\extensions\fxdriver@googlecode.com
1427023542065	addons.xpi	DEBUG	Ignoring file entry whose name is not a valid add-on ID: C:\Users\TukTuk\AppData\Local\Temp\anonymous971046766770239778webdriver-profile\extensions\webdriver-staging
1427023542065	addons.xpi	DEBUG	checkForChanges
1427023542304	addons.xpi	DEBUG	No changes found
1427023542309	addons.manager	DEBUG	Registering shutdown blocker for XPIProvider
1427023542310	addons.manager	DEBUG	Registering shutdown blocker for LightweightThemeManager
1427023542311	addons.manager	DEBUG	Registering shutdown blocker for OpenH264Provider
1427023542312	addons.manager	DEBUG	Registering shutdown blocker for PluginProvider
*** Blocklist::_preloadBlocklistFile: blocklist is disabled
1427023551551	addons.manager	DEBUG	Registering shutdown blocker for <unnamed-provider>

	at org.openqa.selenium.firefox.internal.NewProfileExtensionConnection.start(NewProfileExtensionConnection.java:118)
	... 30 more
]]>
            </full-stacktrace>
          </exception> <!-- org.openqa.selenium.WebDriverException -->
          <reporter-output>
          </reporter-output>
        </test-method> <!-- setUp -->
        <test-method status="SKIP" signature="testTwo()[pri:0, instance:com.pack.one.TestA@11def881]" name="testTwo" duration-ms="0" started-at="2015-03-22T16:56:26Z" finished-at="2015-03-22T16:56:26Z">
          <reporter-output>
          </reporter-output>
        </test-method> <!-- testTwo -->
        <test-method status="SKIP" signature="tearDown()[pri:0, instance:com.pack.one.TestA@11def881]" name="tearDown" is-config="true" duration-ms="0" started-at="2015-03-22T16:56:26Z" finished-at="2015-03-22T16:56:26Z">
          <reporter-output>
          </reporter-output>
        </test-method> <!-- tearDown -->
        <test-method status="SKIP" signature="testOne()[pri:0, instance:com.pack.one.TestA@11def881]" name="testOne" duration-ms="0" started-at="2015-03-22T16:56:26Z" finished-at="2015-03-22T16:56:26Z">
          <reporter-output>
          </reporter-output>
        </test-method> <!-- testOne -->
      </class> <!-- com.pack.one.TestA -->
      <class name="com.pack.two.TestB">
        <test-method status="PASS" signature="tearDown()[pri:0, instance:com.pack.two.TestB@747bc0aa]" name="tearDown" is-config="true" duration-ms="0" started-at="2015-03-22T16:56:26Z" finished-at="2015-03-22T16:56:26Z">
          <reporter-output>
          </reporter-output>
        </test-method> <!-- tearDown -->
        <test-method status="PASS" signature="testOne()[pri:0, instance:com.pack.two.TestB@747bc0aa]" name="testOne" duration-ms="0" started-at="2015-03-22T16:56:26Z" finished-at="2015-03-22T16:56:26Z">
          <reporter-output>
          </reporter-output>
        </test-method> <!-- testOne -->
        <test-method status="PASS" signature="testTwo()[pri:0, instance:com.pack.two.TestB@747bc0aa]" name="testTwo" duration-ms="0" started-at="2015-03-22T16:56:26Z" finished-at="2015-03-22T16:56:26Z">
          <reporter-output>
          </reporter-output>
        </test-method> <!-- testTwo -->
        <test-method status="PASS" signature="setUp()[pri:0, instance:com.pack.two.TestB@747bc0aa]" name="setUp" is-config="true" duration-ms="0" started-at="2015-03-22T16:56:26Z" finished-at="2015-03-22T16:56:26Z">
          <reporter-output>
          </reporter-output>
        </test-method> <!-- setUp -->
      </class> <!-- com.pack.two.TestB -->
    </test> <!-- Sample Test -->
  </suite> <!-- Sample Test Suite -->
</testng-results>
